TN:
SF:book.js
FN:2,(anonymous_0)
FN:17,(anonymous_1)
FN:21,(anonymous_2)
FNF:3
FNH:1
FNDA:10,(anonymous_0)
FNDA:0,(anonymous_1)
FNDA:0,(anonymous_2)
DA:3,10
DA:4,1
DA:6,9
DA:7,0
DA:9,9
DA:10,1
DA:12,8
DA:13,8
DA:14,8
DA:18,0
DA:22,0
DA:23,0
DA:25,0
DA:31,1
LF:14
LH:9
BRDA:3,0,0,1
BRDA:3,0,1,9
BRDA:3,1,0,10
BRDA:3,1,1,9
BRDA:6,2,0,0
BRDA:6,2,1,9
BRDA:6,3,0,9
BRDA:6,3,1,9
BRDA:9,4,0,1
BRDA:9,4,1,8
BRDA:9,5,0,9
BRDA:9,5,1,8
BRDA:22,6,0,0
BRDA:22,6,1,0
BRDA:25,7,0,0
BRDA:25,7,1,0
BRDA:25,7,2,0
BRF:17
BRH:11
end_of_record
TN:
SF:bookManager.js
FN:4,(anonymous_0)
FN:8,(anonymous_1)
FN:15,(anonymous_2)
FN:21,(anonymous_3)
FN:26,(anonymous_4)
FN:30,(anonymous_5)
FN:35,(anonymous_6)
FN:39,(anonymous_7)
FN:43,(anonymous_8)
FN:46,(anonymous_9)
FN:50,(anonymous_10)
FN:55,(anonymous_11)
FN:59,(anonymous_12)
FNF:13
FNH:8
FNDA:7,(anonymous_0)
FNDA:8,(anonymous_1)
FNDA:2,(anonymous_2)
FNDA:2,(anonymous_3)
FNDA:1,(anonymous_4)
FNDA:1,(anonymous_5)
FNDA:3,(anonymous_6)
FNDA:0,(anonymous_7)
FNDA:0,(anonymous_8)
FNDA:3,(anonymous_9)
FNDA:0,(anonymous_10)
FNDA:0,(anonymous_11)
FNDA:0,(anonymous_12)
DA:1,1
DA:5,7
DA:9,8
DA:10,0
DA:12,8
DA:16,2
DA:17,0
DA:19,2
DA:20,2
DA:21,2
DA:22,2
DA:23,2
DA:27,1
DA:31,1
DA:32,0
DA:34,1
DA:35,1
DA:36,3
DA:40,0
DA:41,0
DA:43,0
DA:47,3
DA:51,0
DA:52,0
DA:54,0
DA:55,0
DA:56,0
DA:60,0
DA:64,1
LF:29
LH:17
BRDA:9,0,0,0
BRDA:9,0,1,8
BRDA:16,1,0,0
BRDA:16,1,1,2
BRDA:16,2,0,2
BRDA:16,2,1,2
BRDA:31,3,0,0
BRDA:31,3,1,1
BRDA:31,4,0,1
BRDA:31,4,1,1
BRDA:40,5,0,0
BRDA:40,5,1,0
BRDA:40,6,0,0
BRDA:40,6,1,0
BRDA:51,7,0,0
BRDA:51,7,1,0
BRDA:51,8,0,0
BRDA:51,8,1,0
BRF:18
BRH:7
end_of_record
